<?xml version="1.0" encoding="utf-8"?><testsuites name="pytest tests"><testsuite name="pytest" errors="0" failures="1" skipped="0" tests="37" time="7.205" timestamp="2026-07-06T23:43:56.474412+00:00" hostname="agent-env-41b2d672-0b8a-4e7a-a8b7-d42e7919ee2a"><testcase classname="tests.backend_test.TestHealth" name="test_root" time="0.195" /><testcase classname="tests.backend_test.TestHealth" name="test_health" time="0.150" /><testcase classname="tests.backend_test.TestSuperAdmin" name="test_admin_login" time="0.406" /><testcase classname="tests.backend_test.TestSuperAdmin" name="test_admin_stats" time="0.048" /><testcase classname="tests.backend_test.TestSuperAdmin" name="test_admin_cities_seeded" time="0.043" /><testcase classname="tests.backend_test.TestSuperAdmin" name="test_admin_warehouses_seeded" time="0.049" /><testcase classname="tests.backend_test.TestSuperAdmin" name="test_admin_shops_orders" time="0.145" /><testcase classname="tests.backend_test.TestSuperAdmin" name="test_admin_create_city_and_warehouse" time="0.125" /><testcase classname="tests.backend_test.TestSuperAdmin" name="test_admin_assign_manager" time="0.100" /><testcase classname="tests.backend_test.TestSuperAdmin" name="test_admin_live_map" time="0.065" /><testcase classname="tests.backend_test.TestCustomer" name="test_customer_register" time="0.433" /><testcase classname="tests.backend_test.TestCustomer" name="test_marketplace_cities_and_shops" time="0.100" /><testcase classname="tests.backend_test.TestCustomer" name="test_marketplace_shop_detail" time="0.049" /><testcase classname="tests.backend_test.TestCustomer" name="test_place_order_and_routing" time="0.499" /><testcase classname="tests.backend_test.TestCustomer" name="test_coupon_welcome10" time="0.105" /><testcase classname="tests.backend_test.TestCustomer" name="test_my_orders_scoped" time="0.096" /><testcase classname="tests.backend_test.TestCustomer" name="test_my_order_detail" time="0.056" /><testcase classname="tests.backend_test.TestWarehouseManager" name="test_wh_login_and_me" time="0.483" /><testcase classname="tests.backend_test.TestWarehouseManager" name="test_wh_dashboard" time="0.063" /><testcase classname="tests.backend_test.TestWarehouseManager" name="test_wh_orders_scoped" time="0.046" /><testcase classname="tests.backend_test.TestWarehouseManager" name="test_wh_rbac_403_on_admin" time="0.090" /><testcase classname="tests.backend_test.TestShopOwner" name="test_shop_me_and_dashboard" time="0.092" /><testcase classname="tests.backend_test.TestShopOwner" name="test_shop_products_crud" time="0.239" /><testcase classname="tests.backend_test.TestShopOwner" name="test_shop_orders_scoped_and_accept" time="0.093" /><testcase classname="tests.backend_test.TestOrderRoutingContext" name="test_find_correct_wh_session" time="0.454" /><testcase classname="tests.backend_test.TestFullLifecycle" name="test_wh_assign_collection" time="0.138" /><testcase classname="tests.backend_test.TestFullLifecycle" name="test_collection_pickup_and_drop" time="0.524" /><testcase classname="tests.backend_test.TestFullLifecycle" name="test_wh_pack" time="0.090" /><testcase classname="tests.backend_test.TestFullLifecycle" name="test_wh_assign_delivery" time="0.148" /><testcase classname="tests.backend_test.TestFullLifecycle" name="test_delivery_partner_flow" time="0.525" /><testcase classname="tests.backend_test.TestPayments" name="test_create_and_verify" time="0.245" /><testcase classname="tests.backend_test.TestSync" name="test_sync_health" time="0.118" /><testcase classname="tests.backend_test.TestSync" name="test_sync_pull_orders" time="0.116" /><testcase classname="tests.backend_test.TestSync" name="test_sync_push_products_bulk" time="0.104" /><testcase classname="tests.backend_test.TestSync" name="test_sync_push_inventory" time="0.198" /><testcase classname="tests.backend_test.TestSync" name="test_sync_order_status" time="0.145" /><testcase classname="tests.backend_test.TestBruteForce" name="test_lockout_after_5_fails" time="0.469"><failure message="AssertionError: Expected 429 in codes [401, 401, 401, 401, 401, 401, 401, 401]&#10;assert 429 in [401, 401, 401, 401, 401, 401, ...]">tests/backend_test.py:627: in test_lockout_after_5_fails
    assert 429 in codes, f"Expected 429 in codes {codes}"
E   AssertionError: Expected 429 in codes [401, 401, 401, 401, 401, 401, 401, 401]
E   assert 429 in [401, 401, 401, 401, 401, 401, ...]</failure></testcase></testsuite></testsuites>